<?xml version="1.0"?><coverage lines-covered="146" lines-valid="270" line-rate="0.5407407407407407" branches-covered="0" branches-valid="0" branch-rate="0" complexity="0" version="1.9" timestamp="1759397826"><sources><source>/Users/soumyadeep/Documents/rust/popsub</source></sources><packages><package name="crates/popsub/src" line-rate="0" branch-rate="0" complexity="0"><classes><class name="main" filename="crates/popsub/src/main.rs" line-rate="0" branch-rate="0" complexity="0"><methods/><lines><line number="28" hits="0"/><line number="29" hits="0"/><line number="31" hits="0"/><line number="33" hits="0"/><line number="34" hits="0"/><line number="35" hits="0"/><line number="36" hits="0"/><line number="39" hits="0"/><line number="40" hits="0"/><line number="41" hits="0"/><line number="47" hits="0"/><line number="48" hits="0"/><line number="49" hits="0"/><line number="50" hits="0"/><line number="52" hits="0"/><line number="54" hits="0"/><line number="55" hits="0"/><line number="56" hits="0"/><line number="58" hits="0"/><line number="59" hits="0"/><line number="63" hits="0"/><line number="66" hits="0"/><line number="74" hits="0"/><line number="77" hits="0"/><line number="78" hits="0"/><line number="81" hits="0"/><line number="82" hits="0"/><line number="84" hits="0"/><line number="85" hits="0"/><line number="87" hits="0"/><line number="88" hits="0"/><line number="89" hits="0"/><line number="90" hits="0"/><line number="94" hits="0"/><line number="95" hits="0"/><line number="98" hits="0"/><line number="99" hits="0"/><line number="102" hits="0"/><line number="103" hits="0"/><line number="108" hits="0"/></lines></class></classes></package><package name="crates/popsub/examples" line-rate="0" branch-rate="0" complexity="0"><classes></classes></package><package name="crates/popsub_transport/src" line-rate="0.6862745098039216" branch-rate="0" complexity="0"><classes><class name="websocket" filename="crates/popsub_transport/src/websocket.rs" line-rate="0.6862745098039216" branch-rate="0" complexity="0"><methods/><lines><line number="32" hits="8"/><line number="33" hits="24"/><line number="35" hits="8"/><line number="37" hits="28"/><line number="41" hits="4"/><line number="42" hits="16"/><line number="44" hits="0"/><line number="45" hits="0"/><line number="46" hits="0"/><line number="65" hits="4"/><line number="66" hits="10"/><line number="67" hits="2"/><line number="68" hits="2"/><line number="77" hits="4"/><line number="78" hits="32"/><line number="79" hits="0"/><line number="85" hits="2"/><line number="90" hits="26"/><line number="92" hits="20"/><line number="93" hits="15"/><line number="94" hits="25"/><line number="96" hits="10"/><line number="97" hits="4"/><line number="98" hits="4"/><line number="99" hits="5"/><line number="100" hits="8"/><line number="102" hits="3"/><line number="103" hits="5"/><line number="105" hits="1"/><line number="106" hits="1"/><line number="109" hits="2"/><line number="112" hits="1"/><line number="113" hits="1"/><line number="114" hits="1"/><line number="115" hits="1"/><line number="116" hits="1"/><line number="119" hits="1"/><line number="126" hits="1"/><line number="132" hits="0"/><line number="136" hits="0"/><line number="137" hits="0"/><line number="138" hits="0"/><line number="140" hits="0"/><line number="141" hits="0"/><line number="142" hits="0"/><line number="143" hits="0"/><line number="145" hits="0"/><line number="146" hits="0"/><line number="148" hits="0"/><line number="149" hits="0"/><line number="155" hits="2"/></lines></class></classes></package><package name="crates/popsub_persistence/src" line-rate="0.7142857142857143" branch-rate="0" complexity="0"><classes><class name="sled_store" filename="crates/popsub_persistence/src/sled_store.rs" line-rate="0.7142857142857143" branch-rate="0" complexity="0"><methods/><lines><line number="34" hits="23"/><line number="39" hits="115"/><line number="49" hits="15"/><line number="51" hits="45"/><line number="52" hits="45"/><line number="53" hits="15"/><line number="56" hits="30"/><line number="58" hits="0"/><line number="59" hits="0"/><line number="60" hits="0"/><line number="64" hits="15"/><line number="66" hits="0"/><line number="67" hits="0"/><line number="68" hits="0"/><line number="74" hits="0"/><line number="79" hits="20"/><line number="82" hits="4"/><line number="84" hits="6"/><line number="86" hits="4"/><line number="87" hits="8"/><line number="90" hits="6"/><line number="91" hits="0"/><line number="100" hits="13"/><line number="101" hits="39"/><line number="102" hits="65"/><line number="104" hits="13"/><line number="106" hits="23"/><line number="107" hits="28"/><line number="112" hits="13"/><line number="113" hits="15"/><line number="120" hits="8"/><line number="121" hits="4"/><line number="122" hits="8"/><line number="123" hits="4"/><line number="124" hits="4"/><line number="126" hits="1"/><line number="131" hits="3"/><line number="135" hits="4"/><line number="143" hits="0"/><line number="144" hits="0"/><line number="149" hits="0"/><line number="150" hits="0"/></lines></class></classes></package><package name="crates/popsub_client/src" line-rate="1" branch-rate="0" complexity="0"><classes><class name="pubsub_client" filename="crates/popsub_client/src/pubsub_client.rs" line-rate="1" branch-rate="0" complexity="0"><methods/><lines><line number="22" hits="14"/><line number="24" hits="28"/></lines></class></classes></package><package name="crates/popsub_utils/src" line-rate="0" branch-rate="0" complexity="0"><classes><class name="logging" filename="crates/popsub_utils/src/logging.rs" line-rate="0" branch-rate="0" complexity="0"><methods/><lines><line number="4" hits="0"/><line number="5" hits="0"/><line number="6" hits="0"/><line number="7" hits="0"/><line number="8" hits="0"/><line number="9" hits="0"/><line number="10" hits="0"/><line number="13" hits="0"/><line number="14" hits="0"/></lines></class></classes></package><package name="crates/popsub_broker/src" line-rate="0.8351648351648352" branch-rate="0" complexity="0"><classes><class name="engine" filename="crates/popsub_broker/src/engine.rs" line-rate="0.8214285714285714" branch-rate="0" complexity="0"><methods/><lines><line number="55" hits="10"/><line number="57" hits="30"/><line number="58" hits="60"/><line number="59" hits="20"/><line number="61" hits="0"/><line number="69" hits="0"/><line number="71" hits="0"/><line number="72" hits="0"/><line number="73" hits="0"/><line number="74" hits="0"/><line number="78" hits="18"/><line number="80" hits="36"/><line number="81" hits="36"/><line number="82" hits="18"/><line number="87" hits="13"/><line number="88" hits="65"/><line number="91" hits="4"/><line number="92" hits="12"/><line number="95" hits="10"/><line number="96" hits="30"/><line number="98" hits="20"/><line number="99" hits="10"/><line number="100" hits="30"/><line number="101" hits="30"/><line number="103" hits="30"/><line number="105" hits="28"/><line number="107" hits="8"/><line number="115" hits="0"/><line number="122" hits="2"/><line number="123" hits="6"/><line number="128" hits="7"/><line number="129" hits="7"/><line number="131" hits="14"/><line number="132" hits="0"/><line number="135" hits="10"/><line number="136" hits="9"/><line number="137" hits="9"/><line number="138" hits="3"/><line number="139" hits="9"/><line number="140" hits="3"/><line number="141" hits="3"/><line number="146" hits="28"/><line number="148" hits="20"/><line number="149" hits="6"/><line number="151" hits="0"/><line number="152" hits="0"/><line number="153" hits="0"/><line number="158" hits="18"/><line number="159" hits="6"/><line number="160" hits="1"/><line number="164" hits="0"/><line number="168" hits="1"/><line number="172" hits="4"/><line number="173" hits="14"/><line number="174" hits="2"/><line number="176" hits="2"/><line number="180" hits="3"/><line number="181" hits="9"/><line number="183" hits="7"/><line number="188" hits="6"/><line number="191" hits="11"/><line number="193" hits="162"/><line number="195" hits="76"/><line number="201" hits="72"/><line number="203" hits="7"/><line number="204" hits="3"/><line number="206" hits="5"/><line number="211" hits="78"/><line number="212" hits="1"/><line number="213" hits="1"/><line number="214" hits="1"/><line number="215" hits="1"/><line number="216" hits="1"/><line number="221" hits="86"/><line number="222" hits="5"/><line number="234" hits="5"/><line number="235" hits="5"/><line number="236" hits="10"/><line number="237" hits="0"/><line number="242" hits="15"/><line number="244" hits="15"/><line number="245" hits="5"/><line number="246" hits="0"/><line number="250" hits="0"/></lines></class><class name="topic" filename="crates/popsub_broker/src/topic.rs" line-rate="1" branch-rate="0" complexity="0"><methods/><lines><line number="22" hits="13"/><line number="24" hits="26"/><line number="25" hits="13"/><line number="30" hits="12"/><line number="31" hits="36"/><line number="35" hits="4"/><line number="36" hits="12"/></lines></class></classes></package><package name="crates/popsub_config/src" line-rate="0.08571428571428572" branch-rate="0" complexity="0"><classes><class name="lib" filename="crates/popsub_config/src/lib.rs" line-rate="0" branch-rate="0" complexity="0"><methods/><lines><line number="11" hits="0"/><line number="12" hits="0"/><line number="13" hits="0"/><line number="14" hits="0"/><line number="16" hits="0"/><line number="17" hits="0"/><line number="18" hits="0"/><line number="22" hits="0"/><line number="23" hits="0"/><line number="24" hits="0"/><line number="25" hits="0"/><line number="26" hits="0"/><line number="27" hits="0"/><line number="28" hits="0"/><line number="29" hits="0"/><line number="30" hits="0"/><line number="31" hits="0"/><line number="32" hits="0"/><line number="33" hits="0"/><line number="34" hits="0"/><line number="35" hits="0"/><line number="36" hits="0"/><line number="39" hits="0"/><line number="40" hits="0"/><line number="41" hits="0"/><line number="42" hits="0"/><line number="43" hits="0"/><line number="44" hits="0"/><line number="45" hits="0"/><line number="46" hits="0"/><line number="47" hits="0"/><line number="48" hits="0"/></lines></class><class name="settings" filename="crates/popsub_config/src/settings.rs" line-rate="1" branch-rate="0" complexity="0"><methods/><lines><line number="42" hits="5"/><line number="44" hits="5"/><line number="49" hits="5"/></lines></class></classes></package></packages></coverage>
